19:13:00:425  INFO 48598 --- [main] com.hmall.item.ItemApplication           : The following 1 profile is active: "dev"
19:13:00:848  INFO 48598 --- [main] o.s.cloud.context.scope.GenericScope     : BeanFactory id=3641ffa8-30e4-3a3e-94db-2089f563d77f
19:13:00:878  INFO 48598 --- [main] trationDelegate$BeanPostProcessorChecker : Bean 'io.seata.spring.boot.autoconfigure.SeataCoreAutoConfiguration' of type [io.seata.spring.boot.autoconfigure.SeataCoreAutoConfiguration] is not eligible for getting processed by all BeanPostProcessors (for example: not eligible for auto-proxying)
19:13:00:879  INFO 48598 --- [main] trationDelegate$BeanPostProcessorChecker : Bean 'springApplicationContextProvider' of type [io.seata.spring.boot.autoconfigure.provider.SpringApplicationContextProvider] is not eligible for getting processed by all BeanPostProcessors (for example: not eligible for auto-proxying)
19:13:00:879  INFO 48598 --- [main] trationDelegate$BeanPostProcessorChecker : Bean 'io.seata.spring.boot.autoconfigure.SeataAutoConfiguration' of type [io.seata.spring.boot.autoconfigure.SeataAutoConfiguration] is not eligible for getting processed by all BeanPostProcessors (for example: not eligible for auto-proxying)
19:13:00:894  INFO 48598 --- [main] trationDelegate$BeanPostProcessorChecker : Bean 'failureHandler' of type [io.seata.tm.api.DefaultFailureHandlerImpl] is not eligible for getting processed by all BeanPostProcessors (for example: not eligible for auto-proxying)
19:13:00:896  INFO 48598 --- [main] trationDelegate$BeanPostProcessorChecker : Bean 'org.springframework.cloud.commons.config.CommonsConfigAutoConfiguration' of type [org.springframework.cloud.commons.config.CommonsConfigAutoConfiguration] is not eligible for getting processed by all BeanPostProcessors (for example: not eligible for auto-proxying)
19:13:00:897  INFO 48598 --- [main] trationDelegate$BeanPostProcessorChecker : Bean 'org.springframework.cloud.client.loadbalancer.LoadBalancerDefaultMappingsProviderAutoConfiguration' of type [org.springframework.cloud.client.loadbalancer.LoadBalancerDefaultMappingsProviderAutoConfiguration] is not eligible for getting processed by all BeanPostProcessors (for example: not eligible for auto-proxying)
19:13:00:897  INFO 48598 --- [main] trationDelegate$BeanPostProcessorChecker : Bean 'loadBalancerClientsDefaultsMappingsProvider' of type [org.springframework.cloud.client.loadbalancer.LoadBalancerDefaultMappingsProviderAutoConfiguration$$Lambda$568/0x0000000840598040] is not eligible for getting processed by all BeanPostProcessors (for example: not eligible for auto-proxying)
19:13:00:897  INFO 48598 --- [main] trationDelegate$BeanPostProcessorChecker : Bean 'defaultsBindHandlerAdvisor' of type [org.springframework.cloud.commons.config.DefaultsBindHandlerAdvisor] is not eligible for getting processed by all BeanPostProcessors (for example: not eligible for auto-proxying)
19:13:00:899  INFO 48598 --- [main] trationDelegate$BeanPostProcessorChecker : Bean 'springCloudAlibabaConfiguration' of type [io.seata.spring.boot.autoconfigure.properties.SpringCloudAlibabaConfiguration] is not eligible for getting processed by all BeanPostProcessors (for example: not eligible for auto-proxying)
19:13:00:900  INFO 48598 --- [main] trationDelegate$BeanPostProcessorChecker : Bean 'seataProperties' of type [io.seata.spring.boot.autoconfigure.properties.SeataProperties] is not eligible for getting processed by all BeanPostProcessors (for example: not eligible for auto-proxying)
19:13:00:901  INFO 48598 --- [main] i.s.s.b.a.SeataAutoConfiguration         : Automatically configure Seata
19:13:00:929  INFO 48598 --- [main] io.seata.config.ConfigurationFactory     : load Configuration from :Spring Configuration
19:13:00:931  INFO 48598 --- [main] io.seata.config.ConfigurationFactory     : load Configuration from :Spring Configuration
19:13:00:958  INFO 48598 --- [main] i.s.s.a.GlobalTransactionScanner         : Initializing Global Transaction Clients ... 
19:13:00:989  INFO 48598 --- [main] i.s.core.rpc.netty.NettyClientBootstrap  : NettyClientBootstrap has started
19:13:01:243  INFO 48598 --- [main] com.alibaba.nacos.common.remote.client   : [RpcClientFactory] create a new rpc client of 18af8356-8357-4260-91be-4fa2e3f3a284
19:13:01:243  INFO 48598 --- [main] com.alibaba.nacos.common.remote.client   : [18af8356-8357-4260-91be-4fa2e3f3a284] RpcClient init label, labels = {module=naming, source=sdk}
19:13:01:244  INFO 48598 --- [main] com.alibaba.nacos.common.remote.client   : [18af8356-8357-4260-91be-4fa2e3f3a284] RpcClient init, ServerListFactory = com.alibaba.nacos.client.naming.core.ServerListManager
19:13:01:244  INFO 48598 --- [main] com.alibaba.nacos.common.remote.client   : [18af8356-8357-4260-91be-4fa2e3f3a284] Registry connection listener to current client:com.alibaba.nacos.client.naming.remote.gprc.redo.NamingGrpcRedoService
19:13:01:244  INFO 48598 --- [main] com.alibaba.nacos.common.remote.client   : [18af8356-8357-4260-91be-4fa2e3f3a284] Register server push request handler:com.alibaba.nacos.client.naming.remote.gprc.NamingPushRequestHandler
19:13:01:245  INFO 48598 --- [main] com.alibaba.nacos.common.remote.client   : [18af8356-8357-4260-91be-4fa2e3f3a284] Try to connect to server on start up, server: {serverIp = '127.0.0.1', server main port = 8848}
19:13:01:373  INFO 48598 --- [main] com.alibaba.nacos.common.remote.client   : [18af8356-8357-4260-91be-4fa2e3f3a284] Success to connect to server [127.0.0.1:8848] on start up, connectionId = 1728213181257_127.0.0.1_33630
19:13:01:373  INFO 48598 --- [main] com.alibaba.nacos.common.remote.client   : [18af8356-8357-4260-91be-4fa2e3f3a284] Register server push request handler:com.alibaba.nacos.common.remote.client.RpcClient$ConnectResetRequestHandler
19:13:01:373  INFO 48598 --- [main] com.alibaba.nacos.common.remote.client   : [18af8356-8357-4260-91be-4fa2e3f3a284] Register server push request handler:com.alibaba.nacos.common.remote.client.RpcClient$$Lambda$479/0x00000008404a0440
19:13:01:373  INFO 48598 --- [com.alibaba.nacos.client.remote.worker] com.alibaba.nacos.common.remote.client   : [18af8356-8357-4260-91be-4fa2e3f3a284] Notify connected event to listeners.
19:13:01:403 ERROR 48598 --- [main] i.s.c.r.netty.NettyClientChannelManager  : no available service found in cluster 'default', please make sure registry config correct and keep your seata server running
19:13:01:403  INFO 48598 --- [main] i.s.s.a.GlobalTransactionScanner         : Transaction Manager Client is initialized. applicationId[item-service] txServiceGroup[hmall]
19:13:01:408  INFO 48598 --- [main] io.seata.rm.datasource.AsyncWorker       : Async Commit Buffer Limit: 10000
19:13:01:409  INFO 48598 --- [main] i.s.rm.datasource.xa.ResourceManagerXA   : ResourceManagerXA init ...
19:13:01:414  INFO 48598 --- [main] i.s.core.rpc.netty.NettyClientBootstrap  : NettyClientBootstrap has started
19:13:01:414  INFO 48598 --- [main] i.s.s.a.GlobalTransactionScanner         : Resource Manager is initialized. applicationId[item-service] txServiceGroup[hmall]
19:13:01:414  INFO 48598 --- [main] i.s.s.a.GlobalTransactionScanner         : Global Transaction Clients are initialized. 
19:13:01:415  INFO 48598 --- [main] trationDelegate$BeanPostProcessorChecker : Bean 'io.seata.spring.boot.autoconfigure.SeataDataSourceAutoConfiguration' of type [io.seata.spring.boot.autoconfigure.SeataDataSourceAutoConfiguration] is not eligible for getting processed by all BeanPostProcessors (for example: not eligible for auto-proxying)
19:13:01:453  INFO 48598 --- [main] trationDelegate$BeanPostProcessorChecker : Bean 'com.alibaba.cloud.seata.feign.SeataFeignClientAutoConfiguration$FeignBeanPostProcessorConfiguration' of type [com.alibaba.cloud.seata.feign.SeataFeignClientAutoConfiguration$FeignBeanPostProcessorConfiguration] is not eligible for getting processed by all BeanPostProcessors (for example: not eligible for auto-proxying)
19:13:01:454  INFO 48598 --- [main] trationDelegate$BeanPostProcessorChecker : Bean 'seataFeignObjectWrapper' of type [com.alibaba.cloud.seata.feign.SeataFeignObjectWrapper] is not eligible for getting processed by all BeanPostProcessors (for example: not eligible for auto-proxying)
19:13:01:589  INFO 48598 --- [main] o.s.b.w.embedded.tomcat.TomcatWebServer  : Tomcat initialized with port(s): 8081 (http)
19:13:01:595  INFO 48598 --- [main] o.apache.catalina.core.StandardService   : Starting service [Tomcat]
19:13:01:596  INFO 48598 --- [main] org.apache.catalina.core.StandardEngine  : Starting Servlet engine: [Apache Tomcat/9.0.75]
19:13:01:673  INFO 48598 --- [main] o.a.c.c.C.[Tomcat].[localhost].[/]       : Initializing Spring embedded WebApplicationContext
19:13:01:674  INFO 48598 --- [main] w.s.c.ServletWebServerApplicationContext : Root WebApplicationContext: initialization completed in 1238 ms
19:13:01:778  INFO 48598 --- [main] com.zaxxer.hikari.HikariDataSource       : HikariPool-1 - Starting...
19:13:01:935  INFO 48598 --- [nacos-grpc-client-executor-7] com.alibaba.nacos.common.remote.client   : [18af8356-8357-4260-91be-4fa2e3f3a284] Receive server push request, request = NotifySubscriberRequest, requestId = 2
19:13:01:936  INFO 48598 --- [nacos-grpc-client-executor-7] com.alibaba.nacos.common.remote.client   : [18af8356-8357-4260-91be-4fa2e3f3a284] Ack server push request, request = NotifySubscriberRequest, requestId = 2
19:13:01:942  INFO 48598 --- [main] com.zaxxer.hikari.HikariDataSource       : HikariPool-1 - Start completed.
19:13:01:979 ERROR 48598 --- [main] i.s.c.r.netty.NettyClientChannelManager  : no available service found in cluster 'default', please make sure registry config correct and keep your seata server running
19:13:02:471  INFO 48598 --- [main] com.alibaba.nacos.common.remote.client   : [RpcClientFactory] create a new rpc client of 9129b1f0-731b-49bb-8b6b-44a0b742003d
19:13:02:472  INFO 48598 --- [main] com.alibaba.nacos.common.remote.client   : [9129b1f0-731b-49bb-8b6b-44a0b742003d] RpcClient init label, labels = {module=naming, source=sdk}
19:13:02:472  INFO 48598 --- [main] com.alibaba.nacos.common.remote.client   : [9129b1f0-731b-49bb-8b6b-44a0b742003d] RpcClient init, ServerListFactory = com.alibaba.nacos.client.naming.core.ServerListManager
19:13:02:472  INFO 48598 --- [main] com.alibaba.nacos.common.remote.client   : [9129b1f0-731b-49bb-8b6b-44a0b742003d] Registry connection listener to current client:com.alibaba.nacos.client.naming.remote.gprc.redo.NamingGrpcRedoService
19:13:02:472  INFO 48598 --- [main] com.alibaba.nacos.common.remote.client   : [9129b1f0-731b-49bb-8b6b-44a0b742003d] Register server push request handler:com.alibaba.nacos.client.naming.remote.gprc.NamingPushRequestHandler
19:13:02:472  INFO 48598 --- [main] com.alibaba.nacos.common.remote.client   : [9129b1f0-731b-49bb-8b6b-44a0b742003d] Try to connect to server on start up, server: {serverIp = '127.0.0.1', server main port = 8848}
19:13:02:598  INFO 48598 --- [main] com.alibaba.nacos.common.remote.client   : [9129b1f0-731b-49bb-8b6b-44a0b742003d] Success to connect to server [127.0.0.1:8848] on start up, connectionId = 1728213182484_127.0.0.1_33636
19:13:02:598  INFO 48598 --- [main] com.alibaba.nacos.common.remote.client   : [9129b1f0-731b-49bb-8b6b-44a0b742003d] Register server push request handler:com.alibaba.nacos.common.remote.client.RpcClient$ConnectResetRequestHandler
19:13:02:598  INFO 48598 --- [main] com.alibaba.nacos.common.remote.client   : [9129b1f0-731b-49bb-8b6b-44a0b742003d] Register server push request handler:com.alibaba.nacos.common.remote.client.RpcClient$$Lambda$479/0x00000008404a0440
19:13:02:598  INFO 48598 --- [com.alibaba.nacos.client.remote.worker] com.alibaba.nacos.common.remote.client   : [9129b1f0-731b-49bb-8b6b-44a0b742003d] Notify connected event to listeners.
19:13:02:619  INFO 48598 --- [main] o.s.b.w.embedded.tomcat.TomcatWebServer  : Tomcat started on port(s): 8081 (http) with context path ''
19:13:02:628  INFO 48598 --- [main] c.a.c.n.registry.NacosServiceRegistry    : nacos registry, DEFAULT_GROUP item-service 10.161.218.70:8081 register finished
19:13:02:638  INFO 48598 --- [main] com.hmall.item.ItemApplication           : Started ItemApplication in 3.364 seconds (JVM running for 3.752)
19:13:02:642  INFO 48598 --- [main] c.a.c.n.refresh.NacosContextRefresher    : [Nacos Config] Listening config: dataId=item-service-dev.yaml, group=DEFAULT_GROUP
19:13:02:642  INFO 48598 --- [main] c.a.c.n.refresh.NacosContextRefresher    : [Nacos Config] Listening config: dataId=item-service.yaml, group=DEFAULT_GROUP
19:13:02:642  INFO 48598 --- [main] c.a.c.n.refresh.NacosContextRefresher    : [Nacos Config] Listening config: dataId=item-service, group=DEFAULT_GROUP
19:13:03:136  INFO 48598 --- [nacos-grpc-client-executor-9] com.alibaba.nacos.common.remote.client   : [9129b1f0-731b-49bb-8b6b-44a0b742003d] Receive server push request, request = NotifySubscriberRequest, requestId = 3
19:13:03:139  INFO 48598 --- [nacos-grpc-client-executor-9] com.alibaba.nacos.common.remote.client   : [9129b1f0-731b-49bb-8b6b-44a0b742003d] Ack server push request, request = NotifySubscriberRequest, requestId = 3
19:14:00:986 ERROR 48598 --- [timeoutChecker_1_1] i.s.c.r.netty.NettyClientChannelManager  : no available service found in cluster 'default', please make sure registry config correct and keep your seata server running
19:14:01:414 ERROR 48598 --- [timeoutChecker_2_1] i.s.c.r.netty.NettyClientChannelManager  : no available service found in cluster 'default', please make sure registry config correct and keep your seata server running
19:14:10:986 ERROR 48598 --- [timeoutChecker_1_1] i.s.c.r.netty.NettyClientChannelManager  : no available service found in cluster 'default', please make sure registry config correct and keep your seata server running
19:14:11:414 ERROR 48598 --- [timeoutChecker_2_1] i.s.c.r.netty.NettyClientChannelManager  : no available service found in cluster 'default', please make sure registry config correct and keep your seata server running
19:14:20:986 ERROR 48598 --- [timeoutChecker_1_1] i.s.c.r.netty.NettyClientChannelManager  : no available service found in cluster 'default', please make sure registry config correct and keep your seata server running
19:14:21:414 ERROR 48598 --- [timeoutChecker_2_1] i.s.c.r.netty.NettyClientChannelManager  : no available service found in cluster 'default', please make sure registry config correct and keep your seata server running
19:14:23:331  WARN 48598 --- [Thread-1] c.a.n.common.http.HttpClientBeanHolder   : [HttpClientBeanHolder] Start destroying common HttpClient
19:14:23:331  WARN 48598 --- [Thread-5] c.a.nacos.common.notify.NotifyCenter     : [NotifyCenter] Start destroying Publisher
19:14:23:332  WARN 48598 --- [Thread-5] c.a.nacos.common.notify.NotifyCenter     : [NotifyCenter] Destruction of the end
19:14:23:332  WARN 48598 --- [Thread-1] c.a.n.common.http.HttpClientBeanHolder   : [HttpClientBeanHolder] Destruction of the end
19:14:23:351  INFO 48598 --- [SpringContextShutdownHook] c.a.c.n.registry.NacosServiceRegistry    : De-registering from Nacos Server now...
19:14:23:353  INFO 48598 --- [SpringContextShutdownHook] c.a.c.n.registry.NacosServiceRegistry    : De-registration finished.
19:14:23:655  INFO 48598 --- [SpringContextShutdownHook] com.alibaba.nacos.common.remote.client   : Shutdown rpc client, set status to shutdown
19:14:23:655  INFO 48598 --- [SpringContextShutdownHook] com.alibaba.nacos.common.remote.client   : Shutdown client event executor java.util.concurrent.ScheduledThreadPoolExecutor@4ab2213d[Running, pool size = 2, active threads = 2, queued tasks = 0, completed tasks = 0]
19:14:23:655  INFO 48598 --- [SpringContextShutdownHook] com.alibaba.nacos.common.remote.client   : Close current connection 1728213182484_127.0.0.1_33636
19:14:23:657  INFO 48598 --- [nacos-grpc-client-executor-45] c.a.n.c.remote.client.grpc.GrpcClient    : [1728213182484_127.0.0.1_33636]Ignore complete event,isRunning:false,isAbandon=false
19:14:23:657  INFO 48598 --- [SpringContextShutdownHook] c.a.n.c.remote.client.grpc.GrpcClient    : Shutdown grpc executor java.util.concurrent.ThreadPoolExecutor@ee76c0a[Running, pool size = 8, active threads = 0, queued tasks = 0, completed tasks = 46]
19:14:23:659  INFO 48598 --- [SpringContextShutdownHook] com.zaxxer.hikari.HikariDataSource       : HikariPool-1 - Shutdown initiated...
19:14:23:665  INFO 48598 --- [SpringContextShutdownHook] com.zaxxer.hikari.HikariDataSource       : HikariPool-1 - Shutdown completed.
19:14:25:951  INFO 49451 --- [main] com.hmall.item.ItemApplication           : The following 1 profile is active: "dev"
19:14:26:311  INFO 49451 --- [main] o.s.cloud.context.scope.GenericScope     : BeanFactory id=3641ffa8-30e4-3a3e-94db-2089f563d77f
19:14:26:337  INFO 49451 --- [main] trationDelegate$BeanPostProcessorChecker : Bean 'io.seata.spring.boot.autoconfigure.SeataCoreAutoConfiguration' of type [io.seata.spring.boot.autoconfigure.SeataCoreAutoConfiguration] is not eligible for getting processed by all BeanPostProcessors (for example: not eligible for auto-proxying)
19:14:26:337  INFO 49451 --- [main] trationDelegate$BeanPostProcessorChecker : Bean 'springApplicationContextProvider' of type [io.seata.spring.boot.autoconfigure.provider.SpringApplicationContextProvider] is not eligible for getting processed by all BeanPostProcessors (for example: not eligible for auto-proxying)
19:14:26:337  INFO 49451 --- [main] trationDelegate$BeanPostProcessorChecker : Bean 'io.seata.spring.boot.autoconfigure.SeataAutoConfiguration' of type [io.seata.spring.boot.autoconfigure.SeataAutoConfiguration] is not eligible for getting processed by all BeanPostProcessors (for example: not eligible for auto-proxying)
19:14:26:350  INFO 49451 --- [main] trationDelegate$BeanPostProcessorChecker : Bean 'failureHandler' of type [io.seata.tm.api.DefaultFailureHandlerImpl] is not eligible for getting processed by all BeanPostProcessors (for example: not eligible for auto-proxying)
19:14:26:352  INFO 49451 --- [main] trationDelegate$BeanPostProcessorChecker : Bean 'org.springframework.cloud.commons.config.CommonsConfigAutoConfiguration' of type [org.springframework.cloud.commons.config.CommonsConfigAutoConfiguration] is not eligible for getting processed by all BeanPostProcessors (for example: not eligible for auto-proxying)
19:14:26:352  INFO 49451 --- [main] trationDelegate$BeanPostProcessorChecker : Bean 'org.springframework.cloud.client.loadbalancer.LoadBalancerDefaultMappingsProviderAutoConfiguration' of type [org.springframework.cloud.client.loadbalancer.LoadBalancerDefaultMappingsProviderAutoConfiguration] is not eligible for getting processed by all BeanPostProcessors (for example: not eligible for auto-proxying)
19:14:26:353  INFO 49451 --- [main] trationDelegate$BeanPostProcessorChecker : Bean 'loadBalancerClientsDefaultsMappingsProvider' of type [org.springframework.cloud.client.loadbalancer.LoadBalancerDefaultMappingsProviderAutoConfiguration$$Lambda$568/0x0000000840598040] is not eligible for getting processed by all BeanPostProcessors (for example: not eligible for auto-proxying)
19:14:26:353  INFO 49451 --- [main] trationDelegate$BeanPostProcessorChecker : Bean 'defaultsBindHandlerAdvisor' of type [org.springframework.cloud.commons.config.DefaultsBindHandlerAdvisor] is not eligible for getting processed by all BeanPostProcessors (for example: not eligible for auto-proxying)
19:14:26:354  INFO 49451 --- [main] trationDelegate$BeanPostProcessorChecker : Bean 'springCloudAlibabaConfiguration' of type [io.seata.spring.boot.autoconfigure.properties.SpringCloudAlibabaConfiguration] is not eligible for getting processed by all BeanPostProcessors (for example: not eligible for auto-proxying)
19:14:26:356  INFO 49451 --- [main] trationDelegate$BeanPostProcessorChecker : Bean 'seataProperties' of type [io.seata.spring.boot.autoconfigure.properties.SeataProperties] is not eligible for getting processed by all BeanPostProcessors (for example: not eligible for auto-proxying)
19:14:26:357  INFO 49451 --- [main] i.s.s.b.a.SeataAutoConfiguration         : Automatically configure Seata
19:14:26:381  INFO 49451 --- [main] io.seata.config.ConfigurationFactory     : load Configuration from :Spring Configuration
19:14:26:383  INFO 49451 --- [main] io.seata.config.ConfigurationFactory     : load Configuration from :Spring Configuration
19:14:26:405  INFO 49451 --- [main] i.s.s.a.GlobalTransactionScanner         : Initializing Global Transaction Clients ... 
19:14:26:430  INFO 49451 --- [main] i.s.core.rpc.netty.NettyClientBootstrap  : NettyClientBootstrap has started
19:14:26:437 ERROR 49451 --- [main] i.s.c.r.netty.NettyClientChannelManager  : can not get cluster name in registry config 'service.vgroupMapping.default_tx_group', please make sure registry config correct
19:14:26:438  INFO 49451 --- [main] i.s.s.a.GlobalTransactionScanner         : Transaction Manager Client is initialized. applicationId[item-service] txServiceGroup[default_tx_group]
19:14:26:442  INFO 49451 --- [main] io.seata.rm.datasource.AsyncWorker       : Async Commit Buffer Limit: 10000
19:14:26:442  INFO 49451 --- [main] i.s.rm.datasource.xa.ResourceManagerXA   : ResourceManagerXA init ...
19:14:26:445  INFO 49451 --- [main] i.s.core.rpc.netty.NettyClientBootstrap  : NettyClientBootstrap has started
19:14:26:445  INFO 49451 --- [main] i.s.s.a.GlobalTransactionScanner         : Resource Manager is initialized. applicationId[item-service] txServiceGroup[default_tx_group]
19:14:26:445  INFO 49451 --- [main] i.s.s.a.GlobalTransactionScanner         : Global Transaction Clients are initialized. 
19:14:26:446  INFO 49451 --- [main] trationDelegate$BeanPostProcessorChecker : Bean 'io.seata.spring.boot.autoconfigure.SeataDataSourceAutoConfiguration' of type [io.seata.spring.boot.autoconfigure.SeataDataSourceAutoConfiguration] is not eligible for getting processed by all BeanPostProcessors (for example: not eligible for auto-proxying)
19:14:26:477  INFO 49451 --- [main] trationDelegate$BeanPostProcessorChecker : Bean 'com.alibaba.cloud.seata.feign.SeataFeignClientAutoConfiguration$FeignBeanPostProcessorConfiguration' of type [com.alibaba.cloud.seata.feign.SeataFeignClientAutoConfiguration$FeignBeanPostProcessorConfiguration] is not eligible for getting processed by all BeanPostProcessors (for example: not eligible for auto-proxying)
19:14:26:478  INFO 49451 --- [main] trationDelegate$BeanPostProcessorChecker : Bean 'seataFeignObjectWrapper' of type [com.alibaba.cloud.seata.feign.SeataFeignObjectWrapper] is not eligible for getting processed by all BeanPostProcessors (for example: not eligible for auto-proxying)
19:14:26:588  INFO 49451 --- [main] o.s.b.w.embedded.tomcat.TomcatWebServer  : Tomcat initialized with port(s): 8081 (http)
19:14:26:594  INFO 49451 --- [main] o.apache.catalina.core.StandardService   : Starting service [Tomcat]
19:14:26:594  INFO 49451 --- [main] org.apache.catalina.core.StandardEngine  : Starting Servlet engine: [Apache Tomcat/9.0.75]
19:14:26:653  INFO 49451 --- [main] o.a.c.c.C.[Tomcat].[localhost].[/]       : Initializing Spring embedded WebApplicationContext
19:14:26:653  INFO 49451 --- [main] w.s.c.ServletWebServerApplicationContext : Root WebApplicationContext: initialization completed in 694 ms
19:14:26:730  INFO 49451 --- [main] com.zaxxer.hikari.HikariDataSource       : HikariPool-1 - Starting...
19:14:26:856  INFO 49451 --- [main] com.zaxxer.hikari.HikariDataSource       : HikariPool-1 - Start completed.
19:14:26:885 ERROR 49451 --- [main] i.s.c.r.netty.NettyClientChannelManager  : can not get cluster name in registry config 'service.vgroupMapping.default_tx_group', please make sure registry config correct
19:14:27:304  INFO 49451 --- [main] com.alibaba.nacos.common.remote.client   : [RpcClientFactory] create a new rpc client of c4d4907d-89f6-43ac-bc7d-04ba31eb9c24
19:14:27:304  INFO 49451 --- [main] com.alibaba.nacos.common.remote.client   : [c4d4907d-89f6-43ac-bc7d-04ba31eb9c24] RpcClient init label, labels = {module=naming, source=sdk}
19:14:27:305  INFO 49451 --- [main] com.alibaba.nacos.common.remote.client   : [c4d4907d-89f6-43ac-bc7d-04ba31eb9c24] RpcClient init, ServerListFactory = com.alibaba.nacos.client.naming.core.ServerListManager
19:14:27:305  INFO 49451 --- [main] com.alibaba.nacos.common.remote.client   : [c4d4907d-89f6-43ac-bc7d-04ba31eb9c24] Registry connection listener to current client:com.alibaba.nacos.client.naming.remote.gprc.redo.NamingGrpcRedoService
19:14:27:305  INFO 49451 --- [main] com.alibaba.nacos.common.remote.client   : [c4d4907d-89f6-43ac-bc7d-04ba31eb9c24] Register server push request handler:com.alibaba.nacos.client.naming.remote.gprc.NamingPushRequestHandler
19:14:27:306  INFO 49451 --- [main] com.alibaba.nacos.common.remote.client   : [c4d4907d-89f6-43ac-bc7d-04ba31eb9c24] Try to connect to server on start up, server: {serverIp = '127.0.0.1', server main port = 8848}
19:14:27:425  INFO 49451 --- [main] com.alibaba.nacos.common.remote.client   : [c4d4907d-89f6-43ac-bc7d-04ba31eb9c24] Success to connect to server [127.0.0.1:8848] on start up, connectionId = 1728213267315_127.0.0.1_44154
19:14:27:425  INFO 49451 --- [main] com.alibaba.nacos.common.remote.client   : [c4d4907d-89f6-43ac-bc7d-04ba31eb9c24] Register server push request handler:com.alibaba.nacos.common.remote.client.RpcClient$ConnectResetRequestHandler
19:14:27:425  INFO 49451 --- [main] com.alibaba.nacos.common.remote.client   : [c4d4907d-89f6-43ac-bc7d-04ba31eb9c24] Register server push request handler:com.alibaba.nacos.common.remote.client.RpcClient$$Lambda$479/0x00000008404a1c40
19:14:27:425  INFO 49451 --- [com.alibaba.nacos.client.remote.worker] com.alibaba.nacos.common.remote.client   : [c4d4907d-89f6-43ac-bc7d-04ba31eb9c24] Notify connected event to listeners.
19:14:27:449  INFO 49451 --- [main] o.s.b.w.embedded.tomcat.TomcatWebServer  : Tomcat started on port(s): 8081 (http) with context path ''
19:14:27:455  INFO 49451 --- [main] c.a.c.n.registry.NacosServiceRegistry    : nacos registry, DEFAULT_GROUP item-service 10.161.218.70:8081 register finished
19:14:27:468  INFO 49451 --- [main] com.hmall.item.ItemApplication           : Started ItemApplication in 2.637 seconds (JVM running for 2.942)
19:14:27:470  INFO 49451 --- [main] c.a.c.n.refresh.NacosContextRefresher    : [Nacos Config] Listening config: dataId=item-service-dev.yaml, group=DEFAULT_GROUP
19:14:27:471  INFO 49451 --- [main] c.a.c.n.refresh.NacosContextRefresher    : [Nacos Config] Listening config: dataId=item-service.yaml, group=DEFAULT_GROUP
19:14:27:471  INFO 49451 --- [main] c.a.c.n.refresh.NacosContextRefresher    : [Nacos Config] Listening config: dataId=item-service, group=DEFAULT_GROUP
19:14:27:962  INFO 49451 --- [nacos-grpc-client-executor-9] com.alibaba.nacos.common.remote.client   : [c4d4907d-89f6-43ac-bc7d-04ba31eb9c24] Receive server push request, request = NotifySubscriberRequest, requestId = 4
19:14:27:964  INFO 49451 --- [nacos-grpc-client-executor-9] com.alibaba.nacos.common.remote.client   : [c4d4907d-89f6-43ac-bc7d-04ba31eb9c24] Ack server push request, request = NotifySubscriberRequest, requestId = 4
19:15:26:429 ERROR 49451 --- [timeoutChecker_1_1] i.s.c.r.netty.NettyClientChannelManager  : can not get cluster name in registry config 'service.vgroupMapping.default_tx_group', please make sure registry config correct
19:15:26:445 ERROR 49451 --- [timeoutChecker_2_1] i.s.c.r.netty.NettyClientChannelManager  : can not get cluster name in registry config 'service.vgroupMapping.default_tx_group', please make sure registry config correct
19:15:36:429 ERROR 49451 --- [timeoutChecker_1_1] i.s.c.r.netty.NettyClientChannelManager  : can not get cluster name in registry config 'service.vgroupMapping.default_tx_group', please make sure registry config correct
19:15:36:446 ERROR 49451 --- [timeoutChecker_2_1] i.s.c.r.netty.NettyClientChannelManager  : can not get cluster name in registry config 'service.vgroupMapping.default_tx_group', please make sure registry config correct
19:15:38:352  WARN 49451 --- [Thread-1] c.a.n.common.http.HttpClientBeanHolder   : [HttpClientBeanHolder] Start destroying common HttpClient
19:15:38:352  WARN 49451 --- [Thread-5] c.a.nacos.common.notify.NotifyCenter     : [NotifyCenter] Start destroying Publisher
19:15:38:352  WARN 49451 --- [Thread-5] c.a.nacos.common.notify.NotifyCenter     : [NotifyCenter] Destruction of the end
19:15:38:353  WARN 49451 --- [Thread-1] c.a.n.common.http.HttpClientBeanHolder   : [HttpClientBeanHolder] Destruction of the end
19:15:38:373  INFO 49451 --- [SpringContextShutdownHook] c.a.c.n.registry.NacosServiceRegistry    : De-registering from Nacos Server now...
19:15:38:375  INFO 49451 --- [SpringContextShutdownHook] c.a.c.n.registry.NacosServiceRegistry    : De-registration finished.
19:15:38:677  INFO 49451 --- [SpringContextShutdownHook] com.alibaba.nacos.common.remote.client   : Shutdown rpc client, set status to shutdown
19:15:38:677  INFO 49451 --- [SpringContextShutdownHook] com.alibaba.nacos.common.remote.client   : Shutdown client event executor java.util.concurrent.ScheduledThreadPoolExecutor@4f2f9cdd[Running, pool size = 2, active threads = 2, queued tasks = 0, completed tasks = 0]
19:15:38:677  INFO 49451 --- [SpringContextShutdownHook] com.alibaba.nacos.common.remote.client   : Close current connection 1728213267315_127.0.0.1_44154
19:15:38:678  INFO 49451 --- [nacos-grpc-client-executor-36] c.a.n.c.remote.client.grpc.GrpcClient    : [1728213267315_127.0.0.1_44154]Ignore complete event,isRunning:false,isAbandon=false
19:15:38:678  INFO 49451 --- [SpringContextShutdownHook] c.a.n.c.remote.client.grpc.GrpcClient    : Shutdown grpc executor java.util.concurrent.ThreadPoolExecutor@562af6be[Running, pool size = 6, active threads = 0, queued tasks = 0, completed tasks = 37]
19:15:38:680  INFO 49451 --- [SpringContextShutdownHook] com.zaxxer.hikari.HikariDataSource       : HikariPool-1 - Shutdown initiated...
19:15:38:686  INFO 49451 --- [SpringContextShutdownHook] com.zaxxer.hikari.HikariDataSource       : HikariPool-1 - Shutdown completed.
19:15:43:164  INFO 50019 --- [main] com.hmall.item.ItemApplication           : The following 1 profile is active: "dev"
19:15:43:498  INFO 50019 --- [main] o.s.cloud.context.scope.GenericScope     : BeanFactory id=3641ffa8-30e4-3a3e-94db-2089f563d77f
19:15:43:523  INFO 50019 --- [main] trationDelegate$BeanPostProcessorChecker : Bean 'io.seata.spring.boot.autoconfigure.SeataCoreAutoConfiguration' of type [io.seata.spring.boot.autoconfigure.SeataCoreAutoConfiguration] is not eligible for getting processed by all BeanPostProcessors (for example: not eligible for auto-proxying)
19:15:43:523  INFO 50019 --- [main] trationDelegate$BeanPostProcessorChecker : Bean 'springApplicationContextProvider' of type [io.seata.spring.boot.autoconfigure.provider.SpringApplicationContextProvider] is not eligible for getting processed by all BeanPostProcessors (for example: not eligible for auto-proxying)
19:15:43:523  INFO 50019 --- [main] trationDelegate$BeanPostProcessorChecker : Bean 'io.seata.spring.boot.autoconfigure.SeataAutoConfiguration' of type [io.seata.spring.boot.autoconfigure.SeataAutoConfiguration] is not eligible for getting processed by all BeanPostProcessors (for example: not eligible for auto-proxying)
19:15:43:535  INFO 50019 --- [main] trationDelegate$BeanPostProcessorChecker : Bean 'failureHandler' of type [io.seata.tm.api.DefaultFailureHandlerImpl] is not eligible for getting processed by all BeanPostProcessors (for example: not eligible for auto-proxying)
19:15:43:537  INFO 50019 --- [main] trationDelegate$BeanPostProcessorChecker : Bean 'org.springframework.cloud.commons.config.CommonsConfigAutoConfiguration' of type [org.springframework.cloud.commons.config.CommonsConfigAutoConfiguration] is not eligible for getting processed by all BeanPostProcessors (for example: not eligible for auto-proxying)
19:15:43:538  INFO 50019 --- [main] trationDelegate$BeanPostProcessorChecker : Bean 'org.springframework.cloud.client.loadbalancer.LoadBalancerDefaultMappingsProviderAutoConfiguration' of type [org.springframework.cloud.client.loadbalancer.LoadBalancerDefaultMappingsProviderAutoConfiguration] is not eligible for getting processed by all BeanPostProcessors (for example: not eligible for auto-proxying)
19:15:43:538  INFO 50019 --- [main] trationDelegate$BeanPostProcessorChecker : Bean 'loadBalancerClientsDefaultsMappingsProvider' of type [org.springframework.cloud.client.loadbalancer.LoadBalancerDefaultMappingsProviderAutoConfiguration$$Lambda$568/0x0000000840598040] is not eligible for getting processed by all BeanPostProcessors (for example: not eligible for auto-proxying)
19:15:43:538  INFO 50019 --- [main] trationDelegate$BeanPostProcessorChecker : Bean 'defaultsBindHandlerAdvisor' of type [org.springframework.cloud.commons.config.DefaultsBindHandlerAdvisor] is not eligible for getting processed by all BeanPostProcessors (for example: not eligible for auto-proxying)
19:15:43:540  INFO 50019 --- [main] trationDelegate$BeanPostProcessorChecker : Bean 'springCloudAlibabaConfiguration' of type [io.seata.spring.boot.autoconfigure.properties.SpringCloudAlibabaConfiguration] is not eligible for getting processed by all BeanPostProcessors (for example: not eligible for auto-proxying)
19:15:43:541  INFO 50019 --- [main] trationDelegate$BeanPostProcessorChecker : Bean 'seataProperties' of type [io.seata.spring.boot.autoconfigure.properties.SeataProperties] is not eligible for getting processed by all BeanPostProcessors (for example: not eligible for auto-proxying)
19:15:43:541  INFO 50019 --- [main] i.s.s.b.a.SeataAutoConfiguration         : Automatically configure Seata
19:15:43:565  INFO 50019 --- [main] io.seata.config.ConfigurationFactory     : load Configuration from :Spring Configuration
19:15:43:567  INFO 50019 --- [main] io.seata.config.ConfigurationFactory     : load Configuration from :Spring Configuration
19:15:43:590  INFO 50019 --- [main] i.s.s.a.GlobalTransactionScanner         : Initializing Global Transaction Clients ... 
19:15:43:614  INFO 50019 --- [main] i.s.core.rpc.netty.NettyClientBootstrap  : NettyClientBootstrap has started
19:15:43:622 ERROR 50019 --- [main] i.s.c.r.netty.NettyClientChannelManager  : can not get cluster name in registry config 'service.vgroupMapping.default_tx_group', please make sure registry config correct
19:15:43:622  INFO 50019 --- [main] i.s.s.a.GlobalTransactionScanner         : Transaction Manager Client is initialized. applicationId[item-service] txServiceGroup[default_tx_group]
19:15:43:625  INFO 50019 --- [main] io.seata.rm.datasource.AsyncWorker       : Async Commit Buffer Limit: 10000
19:15:43:626  INFO 50019 --- [main] i.s.rm.datasource.xa.ResourceManagerXA   : ResourceManagerXA init ...
19:15:43:629  INFO 50019 --- [main] i.s.core.rpc.netty.NettyClientBootstrap  : NettyClientBootstrap has started
19:15:43:629  INFO 50019 --- [main] i.s.s.a.GlobalTransactionScanner         : Resource Manager is initialized. applicationId[item-service] txServiceGroup[default_tx_group]
19:15:43:629  INFO 50019 --- [main] i.s.s.a.GlobalTransactionScanner         : Global Transaction Clients are initialized. 
19:15:43:629  INFO 50019 --- [main] trationDelegate$BeanPostProcessorChecker : Bean 'io.seata.spring.boot.autoconfigure.SeataDataSourceAutoConfiguration' of type [io.seata.spring.boot.autoconfigure.SeataDataSourceAutoConfiguration] is not eligible for getting processed by all BeanPostProcessors (for example: not eligible for auto-proxying)
19:15:43:661  INFO 50019 --- [main] trationDelegate$BeanPostProcessorChecker : Bean 'com.alibaba.cloud.seata.feign.SeataFeignClientAutoConfiguration$FeignBeanPostProcessorConfiguration' of type [com.alibaba.cloud.seata.feign.SeataFeignClientAutoConfiguration$FeignBeanPostProcessorConfiguration] is not eligible for getting processed by all BeanPostProcessors (for example: not eligible for auto-proxying)
19:15:43:662  INFO 50019 --- [main] trationDelegate$BeanPostProcessorChecker : Bean 'seataFeignObjectWrapper' of type [com.alibaba.cloud.seata.feign.SeataFeignObjectWrapper] is not eligible for getting processed by all BeanPostProcessors (for example: not eligible for auto-proxying)
19:15:43:775  INFO 50019 --- [main] o.s.b.w.embedded.tomcat.TomcatWebServer  : Tomcat initialized with port(s): 8081 (http)
19:15:43:780  INFO 50019 --- [main] o.apache.catalina.core.StandardService   : Starting service [Tomcat]
19:15:43:780  INFO 50019 --- [main] org.apache.catalina.core.StandardEngine  : Starting Servlet engine: [Apache Tomcat/9.0.75]
19:15:43:839  INFO 50019 --- [main] o.a.c.c.C.[Tomcat].[localhost].[/]       : Initializing Spring embedded WebApplicationContext
19:15:43:839  INFO 50019 --- [main] w.s.c.ServletWebServerApplicationContext : Root WebApplicationContext: initialization completed in 668 ms
19:15:43:915  INFO 50019 --- [main] com.zaxxer.hikari.HikariDataSource       : HikariPool-1 - Starting...
19:15:44:043  INFO 50019 --- [main] com.zaxxer.hikari.HikariDataSource       : HikariPool-1 - Start completed.
19:15:44:083 ERROR 50019 --- [main] i.s.c.r.netty.NettyClientChannelManager  : can not get cluster name in registry config 'service.vgroupMapping.default_tx_group', please make sure registry config correct
19:15:44:495  INFO 50019 --- [main] com.alibaba.nacos.common.remote.client   : [RpcClientFactory] create a new rpc client of f8fd0651-4b41-4b35-b4ab-84e3f5126cda
19:15:44:495  INFO 50019 --- [main] com.alibaba.nacos.common.remote.client   : [f8fd0651-4b41-4b35-b4ab-84e3f5126cda] RpcClient init label, labels = {module=naming, source=sdk}
19:15:44:496  INFO 50019 --- [main] com.alibaba.nacos.common.remote.client   : [f8fd0651-4b41-4b35-b4ab-84e3f5126cda] RpcClient init, ServerListFactory = com.alibaba.nacos.client.naming.core.ServerListManager
19:15:44:496  INFO 50019 --- [main] com.alibaba.nacos.common.remote.client   : [f8fd0651-4b41-4b35-b4ab-84e3f5126cda] Registry connection listener to current client:com.alibaba.nacos.client.naming.remote.gprc.redo.NamingGrpcRedoService
19:15:44:496  INFO 50019 --- [main] com.alibaba.nacos.common.remote.client   : [f8fd0651-4b41-4b35-b4ab-84e3f5126cda] Register server push request handler:com.alibaba.nacos.client.naming.remote.gprc.NamingPushRequestHandler
19:15:44:496  INFO 50019 --- [main] com.alibaba.nacos.common.remote.client   : [f8fd0651-4b41-4b35-b4ab-84e3f5126cda] Try to connect to server on start up, server: {serverIp = '127.0.0.1', server main port = 8848}
19:15:44:618  INFO 50019 --- [main] com.alibaba.nacos.common.remote.client   : [f8fd0651-4b41-4b35-b4ab-84e3f5126cda] Success to connect to server [127.0.0.1:8848] on start up, connectionId = 1728213344509_127.0.0.1_52640
19:15:44:618  INFO 50019 --- [main] com.alibaba.nacos.common.remote.client   : [f8fd0651-4b41-4b35-b4ab-84e3f5126cda] Register server push request handler:com.alibaba.nacos.common.remote.client.RpcClient$ConnectResetRequestHandler
19:15:44:618  INFO 50019 --- [main] com.alibaba.nacos.common.remote.client   : [f8fd0651-4b41-4b35-b4ab-84e3f5126cda] Register server push request handler:com.alibaba.nacos.common.remote.client.RpcClient$$Lambda$479/0x00000008404a1c40
19:15:44:618  INFO 50019 --- [com.alibaba.nacos.client.remote.worker] com.alibaba.nacos.common.remote.client   : [f8fd0651-4b41-4b35-b4ab-84e3f5126cda] Notify connected event to listeners.
19:15:44:643  INFO 50019 --- [main] o.s.b.w.embedded.tomcat.TomcatWebServer  : Tomcat started on port(s): 8081 (http) with context path ''
19:15:44:650  INFO 50019 --- [main] c.a.c.n.registry.NacosServiceRegistry    : nacos registry, DEFAULT_GROUP item-service 10.161.218.70:8081 register finished
19:15:44:660  INFO 50019 --- [main] com.hmall.item.ItemApplication           : Started ItemApplication in 2.637 seconds (JVM running for 3.014)
19:15:44:664  INFO 50019 --- [main] c.a.c.n.refresh.NacosContextRefresher    : [Nacos Config] Listening config: dataId=item-service-dev.yaml, group=DEFAULT_GROUP
19:15:44:664  INFO 50019 --- [main] c.a.c.n.refresh.NacosContextRefresher    : [Nacos Config] Listening config: dataId=item-service.yaml, group=DEFAULT_GROUP
19:15:44:664  INFO 50019 --- [main] c.a.c.n.refresh.NacosContextRefresher    : [Nacos Config] Listening config: dataId=item-service, group=DEFAULT_GROUP
19:15:45:133  INFO 50019 --- [nacos-grpc-client-executor-9] com.alibaba.nacos.common.remote.client   : [f8fd0651-4b41-4b35-b4ab-84e3f5126cda] Receive server push request, request = NotifySubscriberRequest, requestId = 5
19:15:45:135  INFO 50019 --- [nacos-grpc-client-executor-9] com.alibaba.nacos.common.remote.client   : [f8fd0651-4b41-4b35-b4ab-84e3f5126cda] Ack server push request, request = NotifySubscriberRequest, requestId = 5
19:16:43:612 ERROR 50019 --- [timeoutChecker_1_1] i.s.c.r.netty.NettyClientChannelManager  : can not get cluster name in registry config 'service.vgroupMapping.default_tx_group', please make sure registry config correct
19:16:43:629 ERROR 50019 --- [timeoutChecker_2_1] i.s.c.r.netty.NettyClientChannelManager  : can not get cluster name in registry config 'service.vgroupMapping.default_tx_group', please make sure registry config correct
19:16:53:612 ERROR 50019 --- [timeoutChecker_1_1] i.s.c.r.netty.NettyClientChannelManager  : can not get cluster name in registry config 'service.vgroupMapping.default_tx_group', please make sure registry config correct
19:16:53:629 ERROR 50019 --- [timeoutChecker_2_1] i.s.c.r.netty.NettyClientChannelManager  : can not get cluster name in registry config 'service.vgroupMapping.default_tx_group', please make sure registry config correct
19:17:03:612 ERROR 50019 --- [timeoutChecker_1_1] i.s.c.r.netty.NettyClientChannelManager  : can not get cluster name in registry config 'service.vgroupMapping.default_tx_group', please make sure registry config correct
19:17:03:629 ERROR 50019 --- [timeoutChecker_2_1] i.s.c.r.netty.NettyClientChannelManager  : can not get cluster name in registry config 'service.vgroupMapping.default_tx_group', please make sure registry config correct
19:17:13:612 ERROR 50019 --- [timeoutChecker_1_1] i.s.c.r.netty.NettyClientChannelManager  : can not get cluster name in registry config 'service.vgroupMapping.default_tx_group', please make sure registry config correct
19:17:13:628 ERROR 50019 --- [timeoutChecker_2_1] i.s.c.r.netty.NettyClientChannelManager  : can not get cluster name in registry config 'service.vgroupMapping.default_tx_group', please make sure registry config correct
19:17:20:123  WARN 50019 --- [Thread-5] c.a.nacos.common.notify.NotifyCenter     : [NotifyCenter] Start destroying Publisher
19:17:20:123  WARN 50019 --- [Thread-5] c.a.nacos.common.notify.NotifyCenter     : [NotifyCenter] Destruction of the end
19:17:20:123  WARN 50019 --- [Thread-1] c.a.n.common.http.HttpClientBeanHolder   : [HttpClientBeanHolder] Start destroying common HttpClient
19:17:20:124  WARN 50019 --- [Thread-1] c.a.n.common.http.HttpClientBeanHolder   : [HttpClientBeanHolder] Destruction of the end
19:17:20:145  INFO 50019 --- [SpringContextShutdownHook] c.a.c.n.registry.NacosServiceRegistry    : De-registering from Nacos Server now...
19:17:20:147  INFO 50019 --- [SpringContextShutdownHook] c.a.c.n.registry.NacosServiceRegistry    : De-registration finished.
19:17:20:449  INFO 50019 --- [SpringContextShutdownHook] com.alibaba.nacos.common.remote.client   : Shutdown rpc client, set status to shutdown
19:17:20:449  INFO 50019 --- [SpringContextShutdownHook] com.alibaba.nacos.common.remote.client   : Shutdown client event executor java.util.concurrent.ScheduledThreadPoolExecutor@30273c0[Running, pool size = 2, active threads = 2, queued tasks = 0, completed tasks = 0]
19:17:20:449  INFO 50019 --- [SpringContextShutdownHook] com.alibaba.nacos.common.remote.client   : Close current connection 1728213344509_127.0.0.1_52640
19:17:20:450  INFO 50019 --- [nacos-grpc-client-executor-49] c.a.n.c.remote.client.grpc.GrpcClient    : [1728213344509_127.0.0.1_52640]Ignore complete event,isRunning:false,isAbandon=false
19:17:20:451  INFO 50019 --- [SpringContextShutdownHook] c.a.n.c.remote.client.grpc.GrpcClient    : Shutdown grpc executor java.util.concurrent.ThreadPoolExecutor@3773ff87[Running, pool size = 8, active threads = 0, queued tasks = 0, completed tasks = 50]
19:17:20:452  INFO 50019 --- [SpringContextShutdownHook] com.zaxxer.hikari.HikariDataSource       : HikariPool-1 - Shutdown initiated...
19:17:20:459  INFO 50019 --- [SpringContextShutdownHook] com.zaxxer.hikari.HikariDataSource       : HikariPool-1 - Shutdown completed.
19:17:24:859  INFO 50629 --- [main] com.hmall.item.ItemApplication           : The following 1 profile is active: "dev"
19:17:25:169  INFO 50629 --- [main] o.s.cloud.context.scope.GenericScope     : BeanFactory id=34fb6142-d61d-3a3a-881c-9222cd66a5e3
19:17:25:297  INFO 50629 --- [main] o.s.b.w.embedded.tomcat.TomcatWebServer  : Tomcat initialized with port(s): 8081 (http)
19:17:25:302  INFO 50629 --- [main] o.apache.catalina.core.StandardService   : Starting service [Tomcat]
19:17:25:302  INFO 50629 --- [main] org.apache.catalina.core.StandardEngine  : Starting Servlet engine: [Apache Tomcat/9.0.75]
19:17:25:358  INFO 50629 --- [main] o.a.c.c.C.[Tomcat].[localhost].[/]       : Initializing Spring embedded WebApplicationContext
19:17:25:358  INFO 50629 --- [main] w.s.c.ServletWebServerApplicationContext : Root WebApplicationContext: initialization completed in 493 ms
19:17:25:812  INFO 50629 --- [main] com.alibaba.nacos.common.remote.client   : [RpcClientFactory] create a new rpc client of c9d449b6-1a27-4a12-a820-4f8bb5840030
19:17:25:812  INFO 50629 --- [main] com.alibaba.nacos.common.remote.client   : [c9d449b6-1a27-4a12-a820-4f8bb5840030] RpcClient init label, labels = {module=naming, source=sdk}
19:17:25:812  INFO 50629 --- [main] com.alibaba.nacos.common.remote.client   : [c9d449b6-1a27-4a12-a820-4f8bb5840030] RpcClient init, ServerListFactory = com.alibaba.nacos.client.naming.core.ServerListManager
19:17:25:813  INFO 50629 --- [main] com.alibaba.nacos.common.remote.client   : [c9d449b6-1a27-4a12-a820-4f8bb5840030] Registry connection listener to current client:com.alibaba.nacos.client.naming.remote.gprc.redo.NamingGrpcRedoService
19:17:25:813  INFO 50629 --- [main] com.alibaba.nacos.common.remote.client   : [c9d449b6-1a27-4a12-a820-4f8bb5840030] Register server push request handler:com.alibaba.nacos.client.naming.remote.gprc.NamingPushRequestHandler
19:17:25:813  INFO 50629 --- [main] com.alibaba.nacos.common.remote.client   : [c9d449b6-1a27-4a12-a820-4f8bb5840030] Try to connect to server on start up, server: {serverIp = '127.0.0.1', server main port = 8848}
19:17:25:931  INFO 50629 --- [main] com.alibaba.nacos.common.remote.client   : [c9d449b6-1a27-4a12-a820-4f8bb5840030] Success to connect to server [127.0.0.1:8848] on start up, connectionId = 1728213445821_127.0.0.1_47472
19:17:25:932  INFO 50629 --- [main] com.alibaba.nacos.common.remote.client   : [c9d449b6-1a27-4a12-a820-4f8bb5840030] Register server push request handler:com.alibaba.nacos.common.remote.client.RpcClient$ConnectResetRequestHandler
19:17:25:932  INFO 50629 --- [main] com.alibaba.nacos.common.remote.client   : [c9d449b6-1a27-4a12-a820-4f8bb5840030] Register server push request handler:com.alibaba.nacos.common.remote.client.RpcClient$$Lambda$479/0x0000000840498040
19:17:25:932  INFO 50629 --- [com.alibaba.nacos.client.remote.worker] com.alibaba.nacos.common.remote.client   : [c9d449b6-1a27-4a12-a820-4f8bb5840030] Notify connected event to listeners.
19:17:25:957  INFO 50629 --- [main] o.s.b.w.embedded.tomcat.TomcatWebServer  : Tomcat started on port(s): 8081 (http) with context path ''
19:17:25:962  INFO 50629 --- [main] c.a.c.n.registry.NacosServiceRegistry    : nacos registry, DEFAULT_GROUP item-service 10.161.218.70:8081 register finished
19:17:25:973  INFO 50629 --- [main] com.hmall.item.ItemApplication           : Started ItemApplication in 2.2 seconds (JVM running for 2.524)
19:17:25:976  INFO 50629 --- [main] c.a.c.n.refresh.NacosContextRefresher    : [Nacos Config] Listening config: dataId=item-service-dev.yaml, group=DEFAULT_GROUP
19:17:25:976  INFO 50629 --- [main] c.a.c.n.refresh.NacosContextRefresher    : [Nacos Config] Listening config: dataId=item-service.yaml, group=DEFAULT_GROUP
19:17:25:976  INFO 50629 --- [main] c.a.c.n.refresh.NacosContextRefresher    : [Nacos Config] Listening config: dataId=item-service, group=DEFAULT_GROUP
19:17:26:538  INFO 50629 --- [nacos-grpc-client-executor-10] com.alibaba.nacos.common.remote.client   : [c9d449b6-1a27-4a12-a820-4f8bb5840030] Receive server push request, request = NotifySubscriberRequest, requestId = 6
19:17:26:540  INFO 50629 --- [nacos-grpc-client-executor-10] com.alibaba.nacos.common.remote.client   : [c9d449b6-1a27-4a12-a820-4f8bb5840030] Ack server push request, request = NotifySubscriberRequest, requestId = 6
19:54:19:716  INFO 50629 --- [http-nio-8081-exec-1] o.a.c.c.C.[Tomcat].[localhost].[/]       : Initializing Spring DispatcherServlet 'dispatcherServlet'
19:54:19:717  INFO 50629 --- [http-nio-8081-exec-1] o.s.web.servlet.DispatcherServlet        : Initializing Servlet 'dispatcherServlet'
19:54:19:718  INFO 50629 --- [http-nio-8081-exec-1] o.s.web.servlet.DispatcherServlet        : Completed initialization in 0 ms
19:54:19:811  INFO 50629 --- [http-nio-8081-exec-1] com.zaxxer.hikari.HikariDataSource       : HikariPool-1 - Starting...
19:54:19:970  INFO 50629 --- [http-nio-8081-exec-1] com.zaxxer.hikari.HikariDataSource       : HikariPool-1 - Start completed.
19:54:19:975 DEBUG 50629 --- [http-nio-8081-exec-1] c.h.i.m.ItemMapper.selectList_mpCount    : ==>  Preparing: SELECT COUNT(*) AS total FROM item
19:54:19:985 DEBUG 50629 --- [http-nio-8081-exec-1] c.h.i.m.ItemMapper.selectList_mpCount    : ==> Parameters: 
19:54:20:011 DEBUG 50629 --- [http-nio-8081-exec-1] c.h.i.m.ItemMapper.selectList_mpCount    : <==      Total: 1
19:54:20:019 DEBUG 50629 --- [http-nio-8081-exec-1] c.h.item.mapper.ItemMapper.selectList    : ==>  Preparing: SELECT id, name, price, stock, image, category, brand, spec, sold, comment_count, isAD, status, create_time, update_time, creater, updater FROM item ORDER BY update_time DESC LIMIT ?
19:54:20:019 DEBUG 50629 --- [http-nio-8081-exec-1] c.h.item.mapper.ItemMapper.selectList    : ==> Parameters: 2(Long)
19:54:20:024 DEBUG 50629 --- [http-nio-8081-exec-1] c.h.item.mapper.ItemMapper.selectList    : <==      Total: 2
20:16:45:689  WARN 50629 --- [Thread-1] c.a.n.common.http.HttpClientBeanHolder   : [HttpClientBeanHolder] Start destroying common HttpClient
20:16:45:689  WARN 50629 --- [Thread-5] c.a.nacos.common.notify.NotifyCenter     : [NotifyCenter] Start destroying Publisher
20:16:45:690  WARN 50629 --- [Thread-5] c.a.nacos.common.notify.NotifyCenter     : [NotifyCenter] Destruction of the end
20:16:45:690  WARN 50629 --- [Thread-1] c.a.n.common.http.HttpClientBeanHolder   : [HttpClientBeanHolder] Destruction of the end
20:16:45:720  INFO 50629 --- [SpringApplicationShutdownHook] c.a.c.n.registry.NacosServiceRegistry    : De-registering from Nacos Server now...
20:16:45:725  INFO 50629 --- [SpringApplicationShutdownHook] c.a.c.n.registry.NacosServiceRegistry    : De-registration finished.
20:16:46:029  INFO 50629 --- [SpringApplicationShutdownHook] com.alibaba.nacos.common.remote.client   : Shutdown rpc client, set status to shutdown
20:16:46:029  INFO 50629 --- [SpringApplicationShutdownHook] com.alibaba.nacos.common.remote.client   : Shutdown client event executor java.util.concurrent.ScheduledThreadPoolExecutor@27d83e1a[Running, pool size = 2, active threads = 2, queued tasks = 0, completed tasks = 0]
20:16:46:029  INFO 50629 --- [SpringApplicationShutdownHook] com.alibaba.nacos.common.remote.client   : Close current connection 1728213445821_127.0.0.1_47472
20:16:46:030  INFO 50629 --- [nacos-grpc-client-executor-780] c.a.n.c.remote.client.grpc.GrpcClient    : [1728213445821_127.0.0.1_47472]Ignore complete event,isRunning:false,isAbandon=false
20:16:46:032  INFO 50629 --- [SpringApplicationShutdownHook] c.a.n.c.remote.client.grpc.GrpcClient    : Shutdown grpc executor java.util.concurrent.ThreadPoolExecutor@29040dda[Running, pool size = 7, active threads = 0, queued tasks = 0, completed tasks = 781]
20:16:46:034  INFO 50629 --- [SpringApplicationShutdownHook] com.zaxxer.hikari.HikariDataSource       : HikariPool-1 - Shutdown initiated...
20:16:46:045  INFO 50629 --- [SpringApplicationShutdownHook] com.zaxxer.hikari.HikariDataSource       : HikariPool-1 - Shutdown completed.
